# JRE version: Java(TM) SE Runtime Environment (13.0.2+8) (build 13.0.2+8)
# Java VM: Java HotSpot(TM) 64-Bit Server VM (13.0.2+8, mixed mode, sharing, tiered, compressed oops, g1 gc, windows-amd64)
Heap:
 garbage-first heap   total 68608K, used 39086K [0x00000000c8e00000, 0x0000000100000000)
  region size 1024K, 2 young (2048K), 1 survivors (1024K)
 Metaspace       used 5237K, capacity 8121K, committed 8192K, reserved 1056768K
  class space    used 651K, capacity 994K, committed 1024K, reserved 1048576K
GC Heap History (16 events):
Event: 1.267 GC heap before
{Heap before GC invocations=0 (full 0):
 garbage-first heap   total 57344K, used 13312K [0x00000000c8e00000, 0x0000000100000000)
  region size 1024K, 14 young (14336K), 0 survivors (0K)
 Metaspace       used 3425K, capacity 6532K, committed 6656K, reserved 1056768K
  class space    used 382K, capacity 718K, committed 768K, reserved 1048576K
}
Event: 1.272 GC heap after
{Heap after GC invocations=1 (full 0):
 garbage-first heap   total 57344K, used 2202K [0x00000000c8e00000, 0x0000000100000000)
  region size 1024K, 2 young (2048K), 2 survivors (2048K)
 Metaspace       used 3425K, capacity 6532K, committed 6656K, reserved 1056768K
  class space    used 382K, capacity 718K, committed 768K, reserved 1048576K
}
Event: 2.731 GC heap before
{Heap before GC invocations=1 (full 0):
 garbage-first heap   total 57344K, used 32922K [0x00000000c8e00000, 0x0000000100000000)
  region size 1024K, 11 young (11264K), 2 survivors (2048K)
 Metaspace       used 5234K, capacity 8121K, committed 8192K, reserved 1056768K
  class space    used 651K, capacity 994K, committed 1024K, reserved 1048576K
}
Event: 2.736 GC heap after
{Heap after GC invocations=2 (full 0):
 garbage-first heap   total 57344K, used 23535K [0x00000000c8e00000, 0x0000000100000000)
  region size 1024K, 4 young (4096K), 4 survivors (4096K)
 Metaspace       used 5234K, capacity 8121K, committed 8192K, reserved 1056768K
  class space    used 651K, capacity 994K, committed 1024K, reserved 1048576K
}
Event: 2.795 GC heap before
{Heap before GC invocations=3 (full 0):
 garbage-first heap   total 57344K, used 26607K [0x00000000c8e00000, 0x0000000100000000)
  region size 1024K, 5 young (5120K), 4 survivors (4096K)
 Metaspace       used 5234K, capacity 8121K, committed 8192K, reserved 1056768K
  class space    used 651K, capacity 994K, committed 1024K, reserved 1048576K
}
Event: 2.800 GC heap after
{Heap after GC invocations=4 (full 0):
 garbage-first heap   total 57344K, used 26670K [0x00000000c8e00000, 0x0000000100000000)
  region size 1024K, 1 young (1024K), 1 survivors (1024K)
 Metaspace       used 5234K, capacity 8121K, committed 8192K, reserved 1056768K
  class space    used 651K, capacity 994K, committed 1024K, reserved 1048576K
}
Event: 2.882 GC heap before
{Heap before GC invocations=5 (full 0):
 garbage-first heap   total 57344K, used 29742K [0x00000000c8e00000, 0x0000000100000000)
  region size 1024K, 2 young (2048K), 1 survivors (1024K)
 Metaspace       used 5235K, capacity 8121K, committed 8192K, reserved 1056768K
  class space    used 651K, capacity 994K, committed 1024K, reserved 1048576K
}
Event: 2.883 GC heap after
{Heap after GC invocations=6 (full 0):
 garbage-first heap   total 57344K, used 29590K [0x00000000c8e00000, 0x0000000100000000)
  region size 1024K, 1 young (1024K), 1 survivors (1024K)
 Metaspace       used 5235K, capacity 8121K, committed 8192K, reserved 1056768K
  class space    used 651K, capacity 994K, committed 1024K, reserved 1048576K
}
Event: 2.968 GC heap before
{Heap before GC invocations=7 (full 0):
 garbage-first heap   total 58368K, used 32662K [0x00000000c8e00000, 0x0000000100000000)
  region size 1024K, 2 young (2048K), 1 survivors (1024K)
 Metaspace       used 5235K, capacity 8121K, committed 8192K, reserved 1056768K
  class space    used 651K, capacity 994K, committed 1024K, reserved 1048576K
}
Event: 2.970 GC heap after
{Heap after GC invocations=8 (full 0):
 garbage-first heap   total 58368K, used 32631K [0x00000000c8e00000, 0x0000000100000000)
  region size 1024K, 1 young (1024K), 1 survivors (1024K)
 Metaspace       used 5235K, capacity 8121K, committed 8192K, reserved 1056768K
  class space    used 651K, capacity 994K, committed 1024K, reserved 1048576K
}
Event: 3.037 GC heap before
{Heap before GC invocations=9 (full 0):
 garbage-first heap   total 63488K, used 35703K [0x00000000c8e00000, 0x0000000100000000)
  region size 1024K, 2 young (2048K), 1 survivors (1024K)
 Metaspace       used 5235K, capacity 8121K, committed 8192K, reserved 1056768K
  class space    used 651K, capacity 994K, committed 1024K, reserved 1048576K
}
Event: 3.038 GC heap after
{Heap after GC invocations=10 (full 0):
 garbage-first heap   total 63488K, used 35698K [0x00000000c8e00000, 0x0000000100000000)
  region size 1024K, 1 young (1024K), 1 survivors (1024K)
 Metaspace       used 5235K, capacity 8121K, committed 8192K, reserved 1056768K
  class space    used 651K, capacity 994K, committed 1024K, reserved 1048576K
}
Event: 3.080 GC heap before
{Heap before GC invocations=11 (full 0):
 garbage-first heap   total 65536K, used 36722K [0x00000000c8e00000, 0x0000000100000000)
  region size 1024K, 2 young (2048K), 1 survivors (1024K)
 Metaspace       used 5235K, capacity 8121K, committed 8192K, reserved 1056768K
  class space    used 651K, capacity 994K, committed 1024K, reserved 1048576K
}
Event: 3.081 GC heap after
{Heap after GC invocations=12 (full 0):
 garbage-first heap   total 65536K, used 36721K [0x00000000c8e00000, 0x0000000100000000)
  region size 1024K, 1 young (1024K), 1 survivors (1024K)
 Metaspace       used 5235K, capacity 8121K, committed 8192K, reserved 1056768K
  class space    used 651K, capacity 994K, committed 1024K, reserved 1048576K
}
Event: 3.211 GC heap before
{Heap before GC invocations=13 (full 0):
 garbage-first heap   total 66560K, used 37745K [0x00000000c8e00000, 0x0000000100000000)
  region size 1024K, 2 young (2048K), 1 survivors (1024K)
 Metaspace       used 5237K, capacity 8121K, committed 8192K, reserved 1056768K
  class space    used 651K, capacity 994K, committed 1024K, reserved 1048576K
}
Event: 3.212 GC heap after
{Heap after GC invocations=14 (full 0):
 garbage-first heap   total 66560K, used 38062K [0x00000000c8e00000, 0x0000000100000000)
  region size 1024K, 1 young (1024K), 1 survivors (1024K)
 Metaspace       used 5237K, capacity 8121K, committed 8192K, reserved 1056768K
  class space    used 651K, capacity 994K, committed 1024K, reserved 1048576K
}

