# JRE version: Java(TM) SE Runtime Environment (13.0.2+8) (build 13.0.2+8)
# Java VM: Java HotSpot(TM) 64-Bit Server VM (13.0.2+8, mixed mode, sharing, tiered, compressed oops, g1 gc, windows-amd64)
Heap:
 garbage-first heap   total 63488K, used 35695K [0x00000000c8e00000, 0x0000000100000000)
  region size 1024K, 2 young (2048K), 1 survivors (1024K)
 Metaspace       used 5235K, capacity 8089K, committed 8192K, reserved 1056768K
  class space    used 649K, capacity 962K, committed 1024K, reserved 1048576K
GC Heap History (10 events):
Event: 0.785 GC heap before
{Heap before GC invocations=0 (full 0):
 garbage-first heap   total 57344K, used 13312K [0x00000000c8e00000, 0x0000000100000000)
  region size 1024K, 14 young (14336K), 0 survivors (0K)
 Metaspace       used 3427K, capacity 6596K, committed 6656K, reserved 1056768K
  class space    used 384K, capacity 718K, committed 768K, reserved 1048576K
}
Event: 0.790 GC heap after
{Heap after GC invocations=1 (full 0):
 garbage-first heap   total 57344K, used 2218K [0x00000000c8e00000, 0x0000000100000000)
  region size 1024K, 2 young (2048K), 2 survivors (2048K)
 Metaspace       used 3427K, capacity 6596K, committed 6656K, reserved 1056768K
  class space    used 384K, capacity 718K, committed 768K, reserved 1048576K
}
Event: 1.355 GC heap before
{Heap before GC invocations=1 (full 0):
 garbage-first heap   total 57344K, used 33962K [0x00000000c8e00000, 0x0000000100000000)
  region size 1024K, 11 young (11264K), 2 survivors (2048K)
 Metaspace       used 5234K, capacity 8089K, committed 8192K, reserved 1056768K
  class space    used 649K, capacity 962K, committed 1024K, reserved 1048576K
}
Event: 1.359 GC heap after
{Heap after GC invocations=2 (full 0):
 garbage-first heap   total 57344K, used 23333K [0x00000000c8e00000, 0x0000000100000000)
  region size 1024K, 4 young (4096K), 4 survivors (4096K)
 Metaspace       used 5234K, capacity 8089K, committed 8192K, reserved 1056768K
  class space    used 649K, capacity 962K, committed 1024K, reserved 1048576K
}
Event: 1.387 GC heap before
{Heap before GC invocations=3 (full 0):
 garbage-first heap   total 57344K, used 26405K [0x00000000c8e00000, 0x0000000100000000)
  region size 1024K, 5 young (5120K), 4 survivors (4096K)
 Metaspace       used 5234K, capacity 8089K, committed 8192K, reserved 1056768K
  class space    used 649K, capacity 962K, committed 1024K, reserved 1048576K
}
Event: 1.393 GC heap after
{Heap after GC invocations=4 (full 0):
 garbage-first heap   total 57344K, used 26684K [0x00000000c8e00000, 0x0000000100000000)
  region size 1024K, 1 young (1024K), 1 survivors (1024K)
 Metaspace       used 5234K, capacity 8089K, committed 8192K, reserved 1056768K
  class space    used 649K, capacity 962K, committed 1024K, reserved 1048576K
}
Event: 1.421 GC heap before
{Heap before GC invocations=5 (full 0):
 garbage-first heap   total 57344K, used 29756K [0x00000000c8e00000, 0x0000000100000000)
  region size 1024K, 2 young (2048K), 1 survivors (1024K)
 Metaspace       used 5235K, capacity 8089K, committed 8192K, reserved 1056768K
  class space    used 649K, capacity 962K, committed 1024K, reserved 1048576K
}
Event: 1.421 GC heap after
{Heap after GC invocations=6 (full 0):
 garbage-first heap   total 57344K, used 29569K [0x00000000c8e00000, 0x0000000100000000)
  region size 1024K, 1 young (1024K), 1 survivors (1024K)
 Metaspace       used 5235K, capacity 8089K, committed 8192K, reserved 1056768K
  class space    used 649K, capacity 962K, committed 1024K, reserved 1048576K
}
Event: 1.450 GC heap before
{Heap before GC invocations=7 (full 0):
 garbage-first heap   total 58368K, used 32641K [0x00000000c8e00000, 0x0000000100000000)
  region size 1024K, 2 young (2048K), 1 survivors (1024K)
 Metaspace       used 5235K, capacity 8089K, committed 8192K, reserved 1056768K
  class space    used 649K, capacity 962K, committed 1024K, reserved 1048576K
}
Event: 1.451 GC heap after
{Heap after GC invocations=8 (full 0):
 garbage-first heap   total 58368K, used 32623K [0x00000000c8e00000, 0x0000000100000000)
  region size 1024K, 1 young (1024K), 1 survivors (1024K)
 Metaspace       used 5235K, capacity 8089K, committed 8192K, reserved 1056768K
  class space    used 649K, capacity 962K, committed 1024K, reserved 1048576K
}

